<?xml version="1.0" encoding="UTF-8"?>
<testsuite name="com.example.junit5.SampleJUnit5ApplicationTests" tests="2" skipped="0" failures="0" errors="0" timestamp="2022-11-28T14:12:55" hostname="HJ" time="0.729">
  <properties/>
  <testcase name="sample()" classname="com.example.junit5.SampleJUnit5ApplicationTests" time="0.698"/>
  <testcase name="sampleFail()" classname="com.example.junit5.SampleJUnit5ApplicationTests" time="0.03"/>
  <system-out><![CDATA[23:12:52.801 [Test worker] DEBUG org.springframework.test.context.BootstrapUtils - Instantiating CacheAwareContextLoaderDelegate from class [org.springframework.test.context.cache.DefaultCacheAwareContextLoaderDelegate]
23:12:52.817 [Test worker] DEBUG org.springframework.test.context.BootstrapUtils - Instantiating BootstrapContext using constructor [public org.springframework.test.context.support.DefaultBootstrapContext(java.lang.Class,org.springframework.test.context.CacheAwareContextLoaderDelegate)]
23:12:52.864 [Test worker] DEBUG org.springframework.test.context.BootstrapUtils - Instantiating TestContextBootstrapper for test class [com.example.junit5.SampleJUnit5ApplicationTests] from class [org.springframework.boot.test.context.SpringBootTestContextBootstrapper]
23:12:52.879 [Test worker] INFO org.springframework.boot.test.context.SpringBootTestContextBootstrapper - Neither @ContextConfiguration nor @ContextHierarchy found for test class [com.example.junit5.SampleJUnit5ApplicationTests], using SpringBootContextLoader
23:12:52.879 [Test worker] DEBUG org.springframework.test.context.support.AbstractContextLoader - Did not detect default resource location for test class [com.example.junit5.SampleJUnit5ApplicationTests]: class path resource [com/example/junit5/SampleJUnit5ApplicationTests-context.xml] does not exist
23:12:52.879 [Test worker] DEBUG org.springframework.test.context.support.AbstractContextLoader - Did not detect default resource location for test class [com.example.junit5.SampleJUnit5ApplicationTests]: class path resource [com/example/junit5/SampleJUnit5ApplicationTestsContext.groovy] does not exist
23:12:52.879 [Test worker] INFO org.springframework.test.context.support.AbstractContextLoader - Could not detect default resource locations for test class [com.example.junit5.SampleJUnit5ApplicationTests]: no resource found for suffixes {-context.xml, Context.groovy}.
23:12:52.895 [Test worker] INFO org.springframework.test.context.support.AnnotationConfigContextLoaderUtils - Could not detect default configuration classes for test class [com.example.junit5.SampleJUnit5ApplicationTests]: SampleJUnit5ApplicationTests does not declare any static, non-private, non-final, nested classes annotated with @Configuration.
23:12:52.958 [Test worker] DEBUG org.springframework.test.context.support.ActiveProfilesUtils - Could not find an 'annotation declaring class' for annotation type [org.springframework.test.context.ActiveProfiles] and class [com.example.junit5.SampleJUnit5ApplicationTests]
23:12:53.083 [Test worker] DEBUG org.springframework.context.annotation.ClassPathScanningCandidateComponentProvider - Identified candidate component class: file [C:\Develop\git\study\spring-restdocs-2.0.6.RELEASE\samples\junit5\build\classes\java\main\com\example\junit5\SampleJUnit5Application.class]
23:12:53.083 [Test worker] INFO org.springframework.boot.test.context.SpringBootTestContextBootstrapper - Found @SpringBootConfiguration com.example.junit5.SampleJUnit5Application for test class com.example.junit5.SampleJUnit5ApplicationTests
23:12:53.254 [Test worker] DEBUG org.springframework.boot.test.context.SpringBootTestContextBootstrapper - @TestExecutionListeners is not present for class [com.example.junit5.SampleJUnit5ApplicationTests]: using defaults.
23:12:53.254 [Test worker] INFO org.springframework.boot.test.context.SpringBootTestContextBootstrapper - Loaded default TestExecutionListener class names from location [META-INF/spring.factories]: [org.springframework.boot.test.autoconfigure.restdocs.RestDocsTestExecutionListener, org.springframework.boot.test.autoconfigure.web.client.MockRestServiceServerResetTestExecutionListener, org.springframework.boot.test.autoconfigure.web.servlet.MockMvcPrintOnlyOnFailureTestExecutionListener, org.springframework.boot.test.autoconfigure.web.servlet.WebDriverTestExecutionListener, org.springframework.boot.test.autoconfigure.webservices.client.MockWebServiceServerTestExecutionListener, org.springframework.boot.test.mock.mockito.MockitoTestExecutionListener, org.springframework.boot.test.mock.mockito.ResetMocksTestExecutionListener, org.springframework.test.context.web.ServletTestExecutionListener, org.springframework.test.context.support.DirtiesContextBeforeModesTestExecutionListener, org.springframework.test.context.event.ApplicationEventsTestExecutionListener, org.springframework.test.context.support.DependencyInjectionTestExecutionListener, org.springframework.test.context.support.DirtiesContextTestExecutionListener, org.springframework.test.context.transaction.TransactionalTestExecutionListener, org.springframework.test.context.jdbc.SqlScriptsTestExecutionListener, org.springframework.test.context.event.EventPublishingTestExecutionListener]
23:12:53.286 [Test worker] DEBUG org.springframework.boot.test.context.SpringBootTestContextBootstrapper - Skipping candidate TestExecutionListener [org.springframework.test.context.transaction.TransactionalTestExecutionListener] due to a missing dependency. Specify custom listener classes or make the default listener classes and their required dependencies available. Offending class: [org/springframework/transaction/interceptor/TransactionAttributeSource]
23:12:53.301 [Test worker] DEBUG org.springframework.boot.test.context.SpringBootTestContextBootstrapper - Skipping candidate TestExecutionListener [org.springframework.test.context.jdbc.SqlScriptsTestExecutionListener] due to a missing dependency. Specify custom listener classes or make the default listener classes and their required dependencies available. Offending class: [org/springframework/transaction/interceptor/TransactionAttribute]
23:12:53.301 [Test worker] INFO org.springframework.boot.test.context.SpringBootTestContextBootstrapper - Using TestExecutionListeners: [org.springframework.test.context.web.ServletTestExecutionListener@21e015d4, org.springframework.test.context.support.DirtiesContextBeforeModesTestExecutionListener@1d8f71d1, org.springframework.test.context.event.ApplicationEventsTestExecutionListener@179eef1d, org.springframework.boot.test.mock.mockito.MockitoTestExecutionListener@6f930431, org.springframework.boot.test.autoconfigure.SpringBootDependencyInjectionTestExecutionListener@4e7cf2a2, org.springframework.test.context.support.DirtiesContextTestExecutionListener@281b1345, org.springframework.test.context.event.EventPublishingTestExecutionListener@489de75c, org.springframework.boot.test.autoconfigure.restdocs.RestDocsTestExecutionListener@3fd8c0f2, org.springframework.boot.test.autoconfigure.web.client.MockRestServiceServerResetTestExecutionListener@1618cc49, org.springframework.boot.test.autoconfigure.web.servlet.MockMvcPrintOnlyOnFailureTestExecutionListener@66e974f4, org.springframework.boot.test.autoconfigure.web.servlet.WebDriverTestExecutionListener@4169d872, org.springframework.boot.test.autoconfigure.webservices.client.MockWebServiceServerTestExecutionListener@384f5ffd, org.springframework.boot.test.mock.mockito.ResetMocksTestExecutionListener@68e5b639]
23:12:53.301 [Test worker] DEBUG org.springframework.test.context.support.AbstractDirtiesContextTestExecutionListener - Before test class: context [DefaultTestContext@1fad8f0f testClass = SampleJUnit5ApplicationTests, testInstance = [null], testMethod = [null], testException = [null], mergedContextConfiguration = [WebMergedContextConfiguration@5cc0f8b0 testClass = SampleJUnit5ApplicationTests, locations = '{}', classes = '{class com.example.junit5.SampleJUnit5Application}', contextInitializerClasses = '[]', activeProfiles = '{}', propertySourceLocations = '{}', propertySourceProperties = '{org.springframework.boot.test.context.SpringBootTestContextBootstrapper=true}', contextCustomizers = set[org.springframework.boot.test.autoconfigure.actuate.metrics.MetricsExportContextCustomizerFactory$DisableMetricExportContextCustomizer@707c8c20, org.springframework.boot.test.autoconfigure.properties.PropertyMappingContextCustomizer@0, org.springframework.boot.test.autoconfigure.web.servlet.WebDriverContextCustomizerFactory$Customizer@41ddd8fa, org.springframework.boot.test.context.filter.ExcludeFilterContextCustomizer@5d8f3e05, org.springframework.boot.test.json.DuplicateJsonObjectContextCustomizerFactory$DuplicateJsonObjectContextCustomizer@4858deac, org.springframework.boot.test.mock.mockito.MockitoContextCustomizer@0, org.springframework.boot.test.web.client.TestRestTemplateContextCustomizer@4bb04488, org.springframework.boot.test.context.SpringBootTestArgs@1, org.springframework.boot.test.context.SpringBootTestWebEnvironment@450d2d89], resourceBasePath = 'src/main/webapp', contextLoader = 'org.springframework.boot.test.context.SpringBootContextLoader', parent = [null]], attributes = map['org.springframework.test.context.web.ServletTestExecutionListener.activateListener' -> true]], class annotated with @DirtiesContext [false] with mode [null].
23:12:53.395 [Test worker] DEBUG org.springframework.boot.ApplicationServletEnvironment - Activating profiles []
23:12:53.395 [Test worker] DEBUG org.springframework.test.context.support.TestPropertySourceUtils - Adding inlined properties to environment: {spring.jmx.enabled=false, org.springframework.boot.test.context.SpringBootTestContextBootstrapper=true}

  .   ____          _            __ _ _
 /\\ / ___'_ __ _ _(_)_ __  __ _ \ \ \ \
( ( )\___ | '_ | '_| | '_ \/ _` | \ \ \ \
 \\/  ___)| |_)| | | | | || (_| |  ) ) ) )
  '  |____| .__|_| |_|_| |_\__, | / / / /
 =========|_|==============|___/=/_/_/_/
 :: Spring Boot ::                (v2.6.2)

2022-11-28 23:12:53.754  INFO 24456 --- [    Test worker] c.e.junit5.SampleJUnit5ApplicationTests  : Starting SampleJUnit5ApplicationTests using Java 11.0.2 on HJ with PID 24456 (started by HJ in C:\Develop\git\study\spring-restdocs-2.0.6.RELEASE\samples\junit5)
2022-11-28 23:12:53.754  INFO 24456 --- [    Test worker] c.e.junit5.SampleJUnit5ApplicationTests  : No active profile set, falling back to default profiles: default
2022-11-28 23:12:55.645  INFO 24456 --- [    Test worker] c.e.junit5.SampleJUnit5ApplicationTests  : Started SampleJUnit5ApplicationTests in 2.253 seconds (JVM running for 4.172)
2022-11-28 23:12:56.239  INFO 24456 --- [    Test worker] o.s.b.t.m.w.SpringBootMockServletContext : Initializing Spring TestDispatcherServlet ''
2022-11-28 23:12:56.239  INFO 24456 --- [    Test worker] o.s.t.web.servlet.TestDispatcherServlet  : Initializing Servlet ''
2022-11-28 23:12:56.239  INFO 24456 --- [    Test worker] o.s.t.web.servlet.TestDispatcherServlet  : Completed initialization in 0 ms
2022-11-28 23:12:56.379  INFO 24456 --- [    Test worker] o.s.b.t.m.w.SpringBootMockServletContext : Initializing Spring TestDispatcherServlet ''
2022-11-28 23:12:56.379  INFO 24456 --- [    Test worker] o.s.t.web.servlet.TestDispatcherServlet  : Initializing Servlet ''
2022-11-28 23:12:56.379  INFO 24456 --- [    Test worker] o.s.t.web.servlet.TestDispatcherServlet  : Completed initialization in 0 ms
]]></system-out>
  <system-err><![CDATA[]]></system-err>
</testsuite>
